  [1m[36m (1.4ms)[0m  [1mCREATE TABLE "schema_migrations" ("version" varchar NOT NULL) [0m
  [1m[35m (0.1ms)[0m  select sqlite_version(*)
  [1m[36m (1.1ms)[0m  [1mCREATE UNIQUE INDEX "unique_schema_migrations" ON "schema_migrations" ("version")[0m
  [1m[35mActiveRecord::SchemaMigration Load (0.1ms)[0m  SELECT "schema_migrations".* FROM "schema_migrations"


Started GET "/" for ::1 at 2015-11-16 16:12:00 -0600
Processing by Rails::WelcomeController#index as HTML
  Rendered /Users/admin/.rvm/gems/ruby-2.1.2/gems/railties-4.2.3/lib/rails/templates/rails/welcome/index.html.erb (1.9ms)
Completed 200 OK in 48ms (Views: 36.7ms | ActiveRecord: 0.0ms)
Started GET "/" for ::1 at 2021-06-04 09:27:22 -0400
Processing by Rails::WelcomeController#index as HTML
  Parameters: {"internal"=>true}
  Rendering /Users/kristinpug/.rvm/gems/ruby-2.6.6/gems/railties-5.0.7.1/lib/rails/templates/rails/welcome/index.html.erb
  Rendered /Users/kristinpug/.rvm/gems/ruby-2.6.6/gems/railties-5.0.7.1/lib/rails/templates/rails/welcome/index.html.erb (3.0ms)
Completed 200 OK in 10ms (Views: 6.4ms | ActiveRecord: 0.0ms)


Started GET "/about" for ::1 at 2021-06-04 09:36:08 -0400
Processing by StaticController#about as HTML
  Rendering static/page.html.erb within layouts/application
  Rendered static/page.html.erb within layouts/application (0.3ms)
Completed 200 OK in 292ms (Views: 291.2ms | ActiveRecord: 0.0ms)


Started GET "/about" for ::1 at 2021-06-04 09:36:31 -0400
Processing by StaticController#about as HTML
  Rendering static/page.html.erb within layouts/application
  Rendered static/page.html.erb within layouts/application (1.0ms)
Completed 200 OK in 207ms (Views: 203.7ms | ActiveRecord: 0.0ms)


Started GET "/about" for ::1 at 2021-06-04 09:39:06 -0400
Processing by StaticController#hello_world as HTML
  Rendering static/page.html.erb within layouts/application
  Rendered static/page.html.erb within layouts/application (0.3ms)
Completed 200 OK in 21ms (Views: 19.6ms | ActiveRecord: 0.0ms)


